<?xml version="1.0" encoding="UTF-8"?>
<!-- Generated by org.testng.reporters.JUnitReportReporter -->
<testsuite skipped="0" hostname="LAPTOP-BOH8UCH8" name="sex.rabbitcams.tests.PerformerJennyTest" tests="1" failures="0" timestamp="01 Feb 2021 17:14:44 GMT" time="1.544" errors="0">
  <testcase name="PerformerJennySearchTest" time="1.544" classname="sex.rabbitcams.tests.PerformerJennyTest"/>
</testsuite> <!-- sex.rabbitcams.tests.PerformerJennyTest -->
